2024-10-20 00:10:07,766 - INFO - Starting download for: Tunnel of Love by Dire Strait
2024-10-20 00:10:07,767 - INFO - Starting download for: Lonesome Town by Riky Nelson
2024-10-20 00:10:07,768 - INFO - Starting download for: As You Fade Away by Neffex
2024-10-20 00:10:07,769 - INFO - Starting download for: Runaway by Aurora
2024-10-20 00:10:07,769 - INFO - Starting download for: Closer by Chainsmoke
2024-10-20 00:10:07,795 - INFO - Starting download for: 11 am by Incubus
2024-10-20 00:10:08,004 - INFO - Starting download for: High Hopes by Pink Floyd
2024-10-20 00:10:08,070 - INFO - Starting download for: Unforgiven 2 by Metallica
2024-10-20 00:10:08,103 - INFO - Starting download for: Sultan of Swing by Dire Straits
2024-10-20 00:10:08,141 - INFO - Starting download for: Perfect by Ed Sheeran
2024-10-20 00:10:08,186 - INFO - Starting download for: Skin by Rag_n Bone Man
2024-10-20 00:10:25,302 - INFO - Created output directory: downloaded_song/Bilioneras_in_parallel
2024-10-20 00:10:25,302 - INFO - Starting download for: Bilionera by Otilia
2024-10-20 00:10:25,320 - INFO - Starting download for: Bilionera by Otilia
2024-10-20 00:10:25,346 - INFO - Starting download for: Bilionera by Otilia
2024-10-20 00:10:25,420 - INFO - Starting download for: Bilionera by Otilia
2024-10-20 00:10:25,440 - INFO - Starting download for: Bilionera by Otilia
2024-10-20 00:10:25,501 - INFO - Starting download for: Bilionera by Otilia
2024-10-20 00:10:25,527 - INFO - Starting download for: Bilionera by Otilia
2024-10-20 00:10:25,582 - INFO - Starting download for: Bilionera by Otilia
2024-10-20 00:10:25,583 - INFO - Starting download for: Bilionera by Otilia
2024-10-20 00:10:25,681 - INFO - Starting download for: Bilionera by Otilia
2024-10-20 00:10:25,728 - INFO - Starting download for: Bilionera by Otilia
2024-10-20 00:10:25,750 - INFO - Starting download for: Bilionera by Otilia
2024-10-20 00:10:25,816 - INFO - Starting download for: Bilionera by Otilia
2024-10-20 00:10:25,818 - INFO - Starting download for: Bilionera by Otilia
2024-10-20 00:10:25,818 - INFO - Starting download for: Bilionera by Otilia
2024-10-20 00:10:25,820 - INFO - Starting download for: Bilionera by Otilia
2024-10-20 00:10:25,821 - INFO - Starting download for: Bilionera by Otilia
2024-10-20 00:10:25,822 - INFO - Starting download for: Bilionera by Otilia
2024-10-20 00:10:25,823 - INFO - Starting download for: Bilionera by Otilia
2024-10-20 00:10:25,824 - INFO - Starting download for: Bilionera by Otilia
2024-10-20 00:10:25,825 - INFO - Starting download for: Bilionera by Otilia
2024-10-20 00:10:25,826 - INFO - Starting download for: Bilionera by Otilia
2024-10-20 00:10:25,826 - INFO - Starting download for: Bilionera by Otilia
2024-10-20 00:10:25,826 - INFO - Starting download for: Bilionera by Otilia
2024-10-20 00:10:25,826 - INFO - Starting download for: Bilionera by Otilia
2024-10-20 00:10:25,827 - INFO - Starting download for: Bilionera by Otilia
2024-10-20 00:10:25,827 - INFO - Starting download for: Bilionera by Otilia
2024-10-20 00:10:25,827 - INFO - Starting download for: Bilionera by Otilia
2024-10-20 00:10:25,828 - INFO - Starting download for: Bilionera by Otilia
2024-10-20 00:10:25,829 - INFO - Starting download for: Bilionera by Otilia
2024-10-20 00:10:25,830 - INFO - Starting download for: Bilionera by Otilia
2024-10-20 00:10:25,831 - INFO - Starting download for: Bilionera by Otilia
2024-10-20 00:10:25,832 - INFO - Starting download for: Bilionera by Otilia
2024-10-20 00:10:25,832 - INFO - Starting download for: Bilionera by Otilia
2024-10-20 00:10:25,833 - INFO - Starting download for: Bilionera by Otilia
2024-10-20 00:10:25,833 - INFO - Starting download for: Bilionera by Otilia
2024-10-20 00:10:25,833 - INFO - Starting download for: Bilionera by Otilia
2024-10-20 00:10:25,833 - INFO - Starting download for: Bilionera by Otilia
2024-10-20 00:10:25,834 - INFO - Starting download for: Bilionera by Otilia
2024-10-20 00:10:25,834 - INFO - Starting download for: Bilionera by Otilia
2024-10-20 00:10:25,834 - INFO - Starting download for: Bilionera by Otilia
2024-10-20 00:10:25,835 - INFO - Starting download for: Bilionera by Otilia
2024-10-20 00:10:25,835 - INFO - Starting download for: Bilionera by Otilia
2024-10-20 00:10:25,835 - INFO - Starting download for: Bilionera by Otilia
2024-10-20 00:10:25,836 - INFO - Starting download for: Bilionera by Otilia
2024-10-20 00:10:25,837 - INFO - Starting download for: Bilionera by Otilia
2024-10-20 00:10:25,837 - INFO - Starting download for: Bilionera by Otilia
2024-10-20 00:10:25,837 - INFO - Starting download for: Bilionera by Otilia
2024-10-20 00:10:25,837 - INFO - Starting download for: Bilionera by Otilia
2024-10-20 00:10:25,838 - INFO - Starting download for: Bilionera by Otilia
2024-10-20 00:11:47,664 - INFO - Visited page https://www.flipkart.com/motorola-amphisoundx-200-w-bluetooth-soundbar/p/itme99fe4fffa928?
2024-10-20 00:11:47,687 - INFO - Scrolled 1000px and waiting 1 second...
2024-10-20 00:11:48,712 - INFO - HTML for https://www.flipkart.com/motorola-amphisoundx-200-w-bluetooth-soundbar/p/itme99fe4fffa928? saved to /Users/niloy/dabu_test/dabu_final_scrape/html_parse/new_of5.txt
2024-10-20 00:11:48,731 - INFO - Browser context closed for https://www.flipkart.com/motorola-amphisoundx-200-w-bluetooth-soundbar/p/itme99fe4fffa928?
2024-10-20 00:11:48,762 - INFO - Browser closed after saving /Users/niloy/dabu_test/dabu_final_scrape/html_parse/new_of5.txt
2024-10-20 00:11:49,775 - INFO - Visited page https://www.newzealandsouvenirs.com/collections/our-products/products/beer-gear-beer-clothing-speights-beer-medal-t-shirt-trsp60220
2024-10-20 00:11:49,784 - INFO - Scrolled 1000px and waiting 1 second...
2024-10-20 00:11:50,800 - INFO - HTML for https://www.newzealandsouvenirs.com/collections/our-products/products/beer-gear-beer-clothing-speights-beer-medal-t-shirt-trsp60220 saved to /Users/niloy/dabu_test/dabu_final_scrape/html_parse/new_of7.txt
2024-10-20 00:11:50,819 - INFO - Browser context closed for https://www.newzealandsouvenirs.com/collections/our-products/products/beer-gear-beer-clothing-speights-beer-medal-t-shirt-trsp60220
2024-10-20 00:11:50,848 - INFO - Browser closed after saving /Users/niloy/dabu_test/dabu_final_scrape/html_parse/new_of7.txt
2024-10-20 00:11:52,637 - INFO - Visited page https://www.australiathegift.com.au/shop/kangaroo-stick-pins/
2024-10-20 00:11:52,666 - INFO - Scrolled 1000px and waiting 1 second...
2024-10-20 00:11:53,695 - INFO - HTML for https://www.australiathegift.com.au/shop/kangaroo-stick-pins/ saved to /Users/niloy/dabu_test/dabu_final_scrape/html_parse/new_of6.txt
2024-10-20 00:11:53,724 - INFO - Browser context closed for https://www.australiathegift.com.au/shop/kangaroo-stick-pins/
2024-10-20 00:11:53,755 - INFO - Visited page https://www.amazon.com/dp/B09JL41N9C/
2024-10-20 00:11:53,762 - INFO - Scrolled 1000px and waiting 1 second...
2024-10-20 00:11:53,776 - INFO - Browser closed after saving /Users/niloy/dabu_test/dabu_final_scrape/html_parse/new_of6.txt
2024-10-20 00:11:54,860 - INFO - HTML for https://www.amazon.com/dp/B09JL41N9C/ saved to /Users/niloy/dabu_test/dabu_final_scrape/html_parse/new_of4.txt
2024-10-20 00:11:54,885 - INFO - Browser context closed for https://www.amazon.com/dp/B09JL41N9C/
2024-10-20 00:11:54,914 - INFO - Browser closed after saving /Users/niloy/dabu_test/dabu_final_scrape/html_parse/new_of4.txt
2024-10-20 00:11:55,797 - INFO - Visited page https://www.mykitsch.com/products/castor-oil-shampoo-conditioner-bar-combo-2pc
2024-10-20 00:11:55,825 - INFO - Scrolled 1000px and waiting 1 second...
2024-10-20 00:11:56,925 - INFO - HTML for https://www.mykitsch.com/products/castor-oil-shampoo-conditioner-bar-combo-2pc saved to /Users/niloy/dabu_test/dabu_final_scrape/html_parse/new_of2.txt
2024-10-20 00:11:56,944 - INFO - Browser context closed for https://www.mykitsch.com/products/castor-oil-shampoo-conditioner-bar-combo-2pc
2024-10-20 00:11:56,972 - INFO - Browser closed after saving /Users/niloy/dabu_test/dabu_final_scrape/html_parse/new_of2.txt
2024-10-20 00:11:57,167 - INFO - Visited page https://www.mykitsch.com/products/satin-heatless-curling-set-sunset-tie-dye
2024-10-20 00:11:57,200 - INFO - Scrolled 1000px and waiting 1 second...
2024-10-20 00:11:58,284 - INFO - HTML for https://www.mykitsch.com/products/satin-heatless-curling-set-sunset-tie-dye saved to /Users/niloy/dabu_test/dabu_final_scrape/html_parse/new_of1.txt
2024-10-20 00:11:58,301 - INFO - Browser context closed for https://www.mykitsch.com/products/satin-heatless-curling-set-sunset-tie-dye
2024-10-20 00:11:58,330 - INFO - Browser closed after saving /Users/niloy/dabu_test/dabu_final_scrape/html_parse/new_of1.txt
2024-10-20 00:11:59,070 - INFO - Visited page https://www.amazon.com/Beats-Studio-Pro-Personalized-Compatibility/dp/B0C8PT7DF5/
2024-10-20 00:11:59,077 - INFO - Scrolled 1000px and waiting 1 second...
2024-10-20 00:12:00,167 - INFO - HTML for https://www.amazon.com/Beats-Studio-Pro-Personalized-Compatibility/dp/B0C8PT7DF5/ saved to /Users/niloy/dabu_test/dabu_final_scrape/html_parse/new_of3.txt
2024-10-20 00:12:00,183 - INFO - Browser context closed for https://www.amazon.com/Beats-Studio-Pro-Personalized-Compatibility/dp/B0C8PT7DF5/
2024-10-20 00:12:00,207 - INFO - Browser closed after saving /Users/niloy/dabu_test/dabu_final_scrape/html_parse/new_of3.txt
2024-10-20 00:12:05,117 - INFO - Visited page https://www.bestbuy.ca/en-ca/category/computers-tablets/20001?icmp=home_shopbycategory_computing
2024-10-20 00:12:05,138 - INFO - Scrolled 1000px and waiting 1 second...
2024-10-20 00:12:06,230 - INFO - HTML for https://www.bestbuy.ca/en-ca/category/computers-tablets/20001?icmp=home_shopbycategory_computing saved to /Users/niloy/dabu_test/dabu_final_scrape/html_parse/new_of8.txt
2024-10-20 00:12:06,247 - INFO - Browser context closed for https://www.bestbuy.ca/en-ca/category/computers-tablets/20001?icmp=home_shopbycategory_computing
2024-10-20 00:12:06,269 - INFO - Browser closed after saving /Users/niloy/dabu_test/dabu_final_scrape/html_parse/new_of8.txt
2024-10-20 00:12:17,711 - INFO - HTML AI Parse for https://www.newzealandsouvenirs.com/collections/our-products/products/beer-gear-beer-clothing-speights-beer-medal-t-shirt-trsp60220 saved to /Users/niloy/dabu_test/dabu_final_scrape/html_parse/ai_parsed_info.txt
2024-10-20 00:12:19,113 - INFO - HTML AI Parse for https://www.flipkart.com/motorola-amphisoundx-200-w-bluetooth-soundbar/p/itme99fe4fffa928? saved to /Users/niloy/dabu_test/dabu_final_scrape/html_parse/ai_parsed_info.txt
2024-10-20 00:12:20,369 - INFO - HTML AI Parse for https://www.australiathegift.com.au/shop/kangaroo-stick-pins/ saved to /Users/niloy/dabu_test/dabu_final_scrape/html_parse/ai_parsed_info.txt
2024-10-20 00:12:31,290 - INFO - HTML AI Parse for https://www.bestbuy.ca/en-ca/category/computers-tablets/20001?icmp=home_shopbycategory_computing saved to /Users/niloy/dabu_test/dabu_final_scrape/html_parse/ai_parsed_info.txt
2024-10-20 00:12:33,883 - INFO - HTML AI Parse for https://www.mykitsch.com/products/castor-oil-shampoo-conditioner-bar-combo-2pc saved to /Users/niloy/dabu_test/dabu_final_scrape/html_parse/ai_parsed_info.txt
2024-10-20 00:12:34,599 - INFO - HTML AI Parse for https://www.mykitsch.com/products/satin-heatless-curling-set-sunset-tie-dye saved to /Users/niloy/dabu_test/dabu_final_scrape/html_parse/ai_parsed_info.txt
2024-10-20 00:12:46,027 - INFO - HTML AI Parse for https://www.amazon.com/Beats-Studio-Pro-Personalized-Compatibility/dp/B0C8PT7DF5/ saved to /Users/niloy/dabu_test/dabu_final_scrape/html_parse/ai_parsed_info.txt
2024-10-20 00:13:35,832 - INFO - HTML AI Parse for https://www.amazon.com/dp/B09JL41N9C/ saved to /Users/niloy/dabu_test/dabu_final_scrape/html_parse/ai_parsed_info.txt
2024-10-20 00:16:01,983 - INFO - Visited page https://www.newzealandsouvenirs.com/collections/our-products/products/beer-gear-beer-clothing-speights-beer-medal-t-shirt-trsp60220
2024-10-20 00:16:01,995 - INFO - Scrolled 1000px and waiting 1 second...
2024-10-20 00:16:02,110 - INFO - Visited page https://www.amazon.com/dp/B09JL41N9C/
2024-10-20 00:16:02,118 - INFO - Scrolled 1000px and waiting 1 second...
2024-10-20 00:16:02,296 - INFO - Visited page https://www.flipkart.com/motorola-amphisoundx-200-w-bluetooth-soundbar/p/itme99fe4fffa928?
2024-10-20 00:16:02,303 - INFO - Scrolled 1000px and waiting 1 second...
2024-10-20 00:16:03,013 - INFO - HTML for https://www.newzealandsouvenirs.com/collections/our-products/products/beer-gear-beer-clothing-speights-beer-medal-t-shirt-trsp60220 saved to /Users/niloy/dabu_test/dabu_final_scrape/html_parse/new_of7.txt
2024-10-20 00:16:03,035 - INFO - Browser context closed for https://www.newzealandsouvenirs.com/collections/our-products/products/beer-gear-beer-clothing-speights-beer-medal-t-shirt-trsp60220
2024-10-20 00:16:03,069 - INFO - Browser closed after saving /Users/niloy/dabu_test/dabu_final_scrape/html_parse/new_of7.txt
2024-10-20 00:16:03,221 - INFO - HTML for https://www.amazon.com/dp/B09JL41N9C/ saved to /Users/niloy/dabu_test/dabu_final_scrape/html_parse/new_of4.txt
2024-10-20 00:16:03,238 - INFO - Browser context closed for https://www.amazon.com/dp/B09JL41N9C/
2024-10-20 00:16:03,270 - INFO - Browser closed after saving /Users/niloy/dabu_test/dabu_final_scrape/html_parse/new_of4.txt
2024-10-20 00:16:03,331 - INFO - HTML for https://www.flipkart.com/motorola-amphisoundx-200-w-bluetooth-soundbar/p/itme99fe4fffa928? saved to /Users/niloy/dabu_test/dabu_final_scrape/html_parse/new_of5.txt
2024-10-20 00:16:03,350 - INFO - Browser context closed for https://www.flipkart.com/motorola-amphisoundx-200-w-bluetooth-soundbar/p/itme99fe4fffa928?
2024-10-20 00:16:03,389 - INFO - Browser closed after saving /Users/niloy/dabu_test/dabu_final_scrape/html_parse/new_of5.txt
2024-10-20 00:16:04,723 - INFO - Visited page https://www.amazon.com/Beats-Studio-Pro-Personalized-Compatibility/dp/B0C8PT7DF5/
2024-10-20 00:16:04,729 - INFO - Scrolled 1000px and waiting 1 second...
2024-10-20 00:16:05,822 - INFO - HTML for https://www.amazon.com/Beats-Studio-Pro-Personalized-Compatibility/dp/B0C8PT7DF5/ saved to /Users/niloy/dabu_test/dabu_final_scrape/html_parse/new_of3.txt
2024-10-20 00:16:05,840 - INFO - Browser context closed for https://www.amazon.com/Beats-Studio-Pro-Personalized-Compatibility/dp/B0C8PT7DF5/
2024-10-20 00:16:05,871 - INFO - Browser closed after saving /Users/niloy/dabu_test/dabu_final_scrape/html_parse/new_of3.txt
2024-10-20 00:16:06,331 - INFO - Visited page https://www.australiathegift.com.au/shop/kangaroo-stick-pins/
2024-10-20 00:16:06,345 - INFO - Scrolled 1000px and waiting 1 second...
2024-10-20 00:16:07,371 - INFO - HTML for https://www.australiathegift.com.au/shop/kangaroo-stick-pins/ saved to /Users/niloy/dabu_test/dabu_final_scrape/html_parse/new_of6.txt
2024-10-20 00:16:07,389 - INFO - Browser context closed for https://www.australiathegift.com.au/shop/kangaroo-stick-pins/
2024-10-20 00:16:07,414 - INFO - Browser closed after saving /Users/niloy/dabu_test/dabu_final_scrape/html_parse/new_of6.txt
2024-10-20 00:16:07,485 - INFO - Visited page https://www.bestbuy.ca/en-ca/category/computers-tablets/20001?icmp=home_shopbycategory_computing
2024-10-20 00:16:07,493 - INFO - Scrolled 1000px and waiting 1 second...
2024-10-20 00:16:08,549 - INFO - HTML for https://www.bestbuy.ca/en-ca/category/computers-tablets/20001?icmp=home_shopbycategory_computing saved to /Users/niloy/dabu_test/dabu_final_scrape/html_parse/new_of8.txt
2024-10-20 00:16:08,569 - INFO - Browser context closed for https://www.bestbuy.ca/en-ca/category/computers-tablets/20001?icmp=home_shopbycategory_computing
2024-10-20 00:16:08,593 - INFO - Browser closed after saving /Users/niloy/dabu_test/dabu_final_scrape/html_parse/new_of8.txt
2024-10-20 00:16:16,579 - INFO - Visited page https://www.mykitsch.com/products/castor-oil-shampoo-conditioner-bar-combo-2pc
2024-10-20 00:16:16,613 - INFO - Scrolled 1000px and waiting 1 second...
2024-10-20 00:16:17,710 - INFO - HTML for https://www.mykitsch.com/products/castor-oil-shampoo-conditioner-bar-combo-2pc saved to /Users/niloy/dabu_test/dabu_final_scrape/html_parse/new_of2.txt
2024-10-20 00:16:17,733 - INFO - Browser context closed for https://www.mykitsch.com/products/castor-oil-shampoo-conditioner-bar-combo-2pc
2024-10-20 00:16:17,762 - INFO - Browser closed after saving /Users/niloy/dabu_test/dabu_final_scrape/html_parse/new_of2.txt
2024-10-20 00:16:21,354 - INFO - Visited page https://www.mykitsch.com/products/satin-heatless-curling-set-sunset-tie-dye
2024-10-20 00:16:21,372 - INFO - Scrolled 1000px and waiting 1 second...
2024-10-20 00:16:22,442 - INFO - HTML for https://www.mykitsch.com/products/satin-heatless-curling-set-sunset-tie-dye saved to /Users/niloy/dabu_test/dabu_final_scrape/html_parse/new_of1.txt
2024-10-20 00:16:22,459 - INFO - Browser context closed for https://www.mykitsch.com/products/satin-heatless-curling-set-sunset-tie-dye
2024-10-20 00:16:22,485 - INFO - Browser closed after saving /Users/niloy/dabu_test/dabu_final_scrape/html_parse/new_of1.txt
2024-10-20 00:16:36,981 - INFO - HTML AI Parse for https://www.newzealandsouvenirs.com/collections/our-products/products/beer-gear-beer-clothing-speights-beer-medal-t-shirt-trsp60220 saved to /Users/niloy/dabu_test/dabu_final_scrape/html_parse/ai_parsed_info.txt
2024-10-20 00:16:38,516 - INFO - HTML AI Parse for https://www.flipkart.com/motorola-amphisoundx-200-w-bluetooth-soundbar/p/itme99fe4fffa928? saved to /Users/niloy/dabu_test/dabu_final_scrape/html_parse/ai_parsed_info.txt
2024-10-20 00:16:40,184 - INFO - HTML AI Parse for https://www.australiathegift.com.au/shop/kangaroo-stick-pins/ saved to /Users/niloy/dabu_test/dabu_final_scrape/html_parse/ai_parsed_info.txt
2024-10-20 00:16:51,495 - INFO - HTML AI Parse for https://www.bestbuy.ca/en-ca/category/computers-tablets/20001?icmp=home_shopbycategory_computing saved to /Users/niloy/dabu_test/dabu_final_scrape/html_parse/ai_parsed_info.txt
2024-10-20 00:16:55,511 - INFO - HTML AI Parse for https://www.mykitsch.com/products/castor-oil-shampoo-conditioner-bar-combo-2pc saved to /Users/niloy/dabu_test/dabu_final_scrape/html_parse/ai_parsed_info.txt
2024-10-20 00:16:56,024 - INFO - HTML AI Parse for https://www.mykitsch.com/products/satin-heatless-curling-set-sunset-tie-dye saved to /Users/niloy/dabu_test/dabu_final_scrape/html_parse/ai_parsed_info.txt
2024-10-20 00:17:03,037 - INFO - HTML AI Parse for https://www.amazon.com/Beats-Studio-Pro-Personalized-Compatibility/dp/B0C8PT7DF5/ saved to /Users/niloy/dabu_test/dabu_final_scrape/html_parse/ai_parsed_info.txt
2024-10-20 00:17:08,518 - INFO - HTML AI Parse for https://www.amazon.com/dp/B09JL41N9C/ saved to /Users/niloy/dabu_test/dabu_final_scrape/html_parse/ai_parsed_info.txt
